actionid: tox
msg: packaging
cmdargs: ['/usr/bin/python3', local('/home/sebastian/Escritorio/so-exam3/A00329796/setup.py'), 'sdist', '--formats=zip', '--dist-dir', local('/home/sebastian/Escritorio/so-exam3/A00329796/.tox/dist')]
env: None

running sdist
running egg_info
creating op_stats.egg-info
writing requirements to op_stats.egg-info/requires.txt
writing dependency_links to op_stats.egg-info/dependency_links.txt
writing op_stats.egg-info/PKG-INFO
writing top-level names to op_stats.egg-info/top_level.txt
writing manifest file 'op_stats.egg-info/SOURCES.txt'
reading manifest file 'op_stats.egg-info/SOURCES.txt'
writing manifest file 'op_stats.egg-info/SOURCES.txt'
warning: sdist: standard file not found: should have one of README, README.rst, README.txt

running check
warning: check: missing required meta-data: url

warning: check: missing meta-data: either (author and author_email) or (maintainer and maintainer_email) must be supplied

creating op_stats-0.1.0
creating op_stats-0.1.0/op_stats
creating op_stats-0.1.0/op_stats.egg-info
making hard links in op_stats-0.1.0...
hard linking setup.py -> op_stats-0.1.0
hard linking op_stats/__init__.py -> op_stats-0.1.0/op_stats
hard linking op_stats/aplicacion.py -> op_stats-0.1.0/op_stats
hard linking op_stats/datosPc.py -> op_stats-0.1.0/op_stats
hard linking op_stats.egg-info/PKG-INFO -> op_stats-0.1.0/op_stats.egg-info
hard linking op_stats.egg-info/SOURCES.txt -> op_stats-0.1.0/op_stats.egg-info
hard linking op_stats.egg-info/dependency_links.txt -> op_stats-0.1.0/op_stats.egg-info
hard linking op_stats.egg-info/requires.txt -> op_stats-0.1.0/op_stats.egg-info
hard linking op_stats.egg-info/top_level.txt -> op_stats-0.1.0/op_stats.egg-info
Writing op_stats-0.1.0/setup.cfg
creating .tox/dist
creating '.tox/dist/op_stats-0.1.0.zip' and adding 'op_stats-0.1.0' to it
adding 'op_stats-0.1.0/setup.cfg'
adding 'op_stats-0.1.0/PKG-INFO'
adding 'op_stats-0.1.0/setup.py'
adding 'op_stats-0.1.0/op_stats/__init__.py'
adding 'op_stats-0.1.0/op_stats/aplicacion.py'
adding 'op_stats-0.1.0/op_stats/datosPc.py'
adding 'op_stats-0.1.0/op_stats.egg-info/dependency_links.txt'
adding 'op_stats-0.1.0/op_stats.egg-info/requires.txt'
adding 'op_stats-0.1.0/op_stats.egg-info/PKG-INFO'
adding 'op_stats-0.1.0/op_stats.egg-info/top_level.txt'
adding 'op_stats-0.1.0/op_stats.egg-info/SOURCES.txt'
removing 'op_stats-0.1.0' (and everything under it)
